  [4;36;1mSQL (0.4ms)[0m   [0;1m SELECT name
 FROM sqlite_master
 WHERE type = 'table' AND NOT name = 'sqlite_sequence'
[0m
  [4;35;1mSQL (0.2ms)[0m   [0mselect sqlite_version(*)[0m
  [4;36;1mSQL (2.9ms)[0m   [0;1mCREATE TABLE "schema_migrations" ("version" varchar(255) NOT NULL) [0m
  [4;35;1mSQL (1.9ms)[0m   [0mCREATE UNIQUE INDEX "unique_schema_migrations" ON "schema_migrations" ("version")[0m
  [4;36;1mSQL (0.3ms)[0m   [0;1m SELECT name
 FROM sqlite_master
 WHERE type = 'table' AND NOT name = 'sqlite_sequence'
[0m
  [4;35;1mSQL (0.2ms)[0m   [0mSELECT version FROM schema_migrations[0m
Migrating to CreateUses (20090207090602)
  [4;36;1mSQL (0.3ms)[0m   [0;1m SELECT name
 FROM sqlite_master
 WHERE type = 'table' AND NOT name = 'sqlite_sequence'
[0m
  [4;35;1mSQL (2.4ms)[0m   [0mCREATE TABLE "uses" ("id" INTEGER PRIMARY KEY AUTOINCREMENT NOT NULL, "login" varchar(40), "name" varchar(100) DEFAULT '', "email" varchar(100), "crypted_password" varchar(40), "salt" varchar(40), "created_at" datetime, "updated_at" datetime, "remember_token" varchar(40), "remember_token_expires_at" datetime) [0m
  [4;36;1mSQL (8.1ms)[0m   [0;1mCREATE UNIQUE INDEX "index_uses_on_login" ON "uses" ("login")[0m
  [4;35;1mSQL (2.0ms)[0m   [0mINSERT INTO schema_migrations (version) VALUES ('20090207090602')[0m
  [4;36;1mSQL (0.4ms)[0m   [0;1m SELECT name
 FROM sqlite_master
 WHERE type = 'table' AND NOT name = 'sqlite_sequence'
[0m
  [4;35;1mSQL (0.2ms)[0m   [0mSELECT version FROM schema_migrations[0m
  [4;36;1mSQL (0.3ms)[0m   [0;1m SELECT name
 FROM sqlite_master
 WHERE type = 'table' AND NOT name = 'sqlite_sequence'
[0m
  [4;35;1mSQL (0.2ms)[0m   [0mPRAGMA index_list("uses")[0m
  [4;36;1mSQL (0.2ms)[0m   [0;1mPRAGMA index_info('index_uses_on_login')[0m


Processing ApplicationController#index (for 127.0.0.1 at 2009-02-07 11:12:16) [GET]


ActionController::RoutingError (No route matches "/user/signup" with {:method=>:get}):
    /vendor/rails/actionpack/lib/action_controller/routing/recognition_optimisation.rb:66:in `recognize_path'
    /vendor/rails/actionpack/lib/action_controller/routing/route_set.rb:386:in `recognize'
    /vendor/rails/actionpack/lib/action_controller/dispatcher.rb:182:in `handle_request'
    /vendor/rails/actionpack/lib/action_controller/dispatcher.rb:110:in `dispatch_unlocked'
    /vendor/rails/actionpack/lib/action_controller/dispatcher.rb:123:in `dispatch'
    /vendor/rails/actionpack/lib/action_controller/dispatcher.rb:122:in `synchronize'
    /vendor/rails/actionpack/lib/action_controller/dispatcher.rb:122:in `dispatch'
    /vendor/rails/actionpack/lib/action_controller/dispatcher.rb:132:in `dispatch_cgi'
    /vendor/rails/actionpack/lib/action_controller/dispatcher.rb:39:in `dispatch'
    /Users/jui/.gem/ruby/1.8/gems/mongrel-1.1.5/bin/../lib/mongrel/rails.rb:76:in `process'
    /Users/jui/.gem/ruby/1.8/gems/mongrel-1.1.5/bin/../lib/mongrel/rails.rb:74:in `synchronize'
    /Users/jui/.gem/ruby/1.8/gems/mongrel-1.1.5/bin/../lib/mongrel/rails.rb:74:in `process'
    /Users/jui/.gem/ruby/1.8/gems/mongrel-1.1.5/lib/mongrel.rb:159:in `process_client'
    /Users/jui/.gem/ruby/1.8/gems/mongrel-1.1.5/lib/mongrel.rb:158:in `each'
    /Users/jui/.gem/ruby/1.8/gems/mongrel-1.1.5/lib/mongrel.rb:158:in `process_client'
    /Users/jui/.gem/ruby/1.8/gems/mongrel-1.1.5/lib/mongrel.rb:285:in `run'
    /Users/jui/.gem/ruby/1.8/gems/mongrel-1.1.5/lib/mongrel.rb:285:in `initialize'
    /Users/jui/.gem/ruby/1.8/gems/mongrel-1.1.5/lib/mongrel.rb:285:in `new'
    /Users/jui/.gem/ruby/1.8/gems/mongrel-1.1.5/lib/mongrel.rb:285:in `run'
    /Users/jui/.gem/ruby/1.8/gems/mongrel-1.1.5/lib/mongrel.rb:268:in `initialize'
    /Users/jui/.gem/ruby/1.8/gems/mongrel-1.1.5/lib/mongrel.rb:268:in `new'
    /Users/jui/.gem/ruby/1.8/gems/mongrel-1.1.5/lib/mongrel.rb:268:in `run'
    /Users/jui/.gem/ruby/1.8/gems/mongrel-1.1.5/lib/mongrel/configurator.rb:282:in `run'
    /Users/jui/.gem/ruby/1.8/gems/mongrel-1.1.5/lib/mongrel/configurator.rb:281:in `each'
    /Users/jui/.gem/ruby/1.8/gems/mongrel-1.1.5/lib/mongrel/configurator.rb:281:in `run'
    /Users/jui/.gem/ruby/1.8/gems/mongrel-1.1.5/bin/mongrel_rails:128:in `run'
    /Users/jui/.gem/ruby/1.8/gems/mongrel-1.1.5/lib/mongrel/command.rb:212:in `run'
    /Users/jui/.gem/ruby/1.8/gems/mongrel-1.1.5/bin/mongrel_rails:281
    /vendor/rails/activesupport/lib/active_support/dependencies.rb:142:in `load_without_new_constant_marking'
    /vendor/rails/activesupport/lib/active_support/dependencies.rb:142:in `load'
    /vendor/rails/activesupport/lib/active_support/dependencies.rb:521:in `new_constants_in'
    /vendor/rails/activesupport/lib/active_support/dependencies.rb:142:in `load'
    /vendor/rails/railties/lib/commands/servers/mongrel.rb:64
    /Library/Ruby/Site/1.8/rubygems/custom_require.rb:31:in `gem_original_require'
    /Library/Ruby/Site/1.8/rubygems/custom_require.rb:31:in `require'
    /vendor/rails/activesupport/lib/active_support/dependencies.rb:153:in `require'
    /vendor/rails/activesupport/lib/active_support/dependencies.rb:521:in `new_constants_in'
    /vendor/rails/activesupport/lib/active_support/dependencies.rb:153:in `require'
    /vendor/rails/railties/lib/commands/server.rb:49
    /Library/Ruby/Site/1.8/rubygems/custom_require.rb:31:in `gem_original_require'
    /Library/Ruby/Site/1.8/rubygems/custom_require.rb:31:in `require'
    ./script/server:3

Rendering /Users/jui/ryweb/ryweb/vendor/rails/actionpack/lib/action_controller/templates/rescues/layout.erb (not_found)


Processing ApplicationController#index (for 127.0.0.1 at 2009-02-07 11:12:18) [GET]


ActionController::RoutingError (No route matches "/users/signup" with {:method=>:get}):
    /vendor/rails/actionpack/lib/action_controller/routing/recognition_optimisation.rb:66:in `recognize_path'
    /vendor/rails/actionpack/lib/action_controller/routing/route_set.rb:386:in `recognize'
    /vendor/rails/actionpack/lib/action_controller/dispatcher.rb:182:in `handle_request'
    /vendor/rails/actionpack/lib/action_controller/dispatcher.rb:110:in `dispatch_unlocked'
    /vendor/rails/actionpack/lib/action_controller/dispatcher.rb:123:in `dispatch'
    /vendor/rails/actionpack/lib/action_controller/dispatcher.rb:122:in `synchronize'
    /vendor/rails/actionpack/lib/action_controller/dispatcher.rb:122:in `dispatch'
    /vendor/rails/actionpack/lib/action_controller/dispatcher.rb:132:in `dispatch_cgi'
    /vendor/rails/actionpack/lib/action_controller/dispatcher.rb:39:in `dispatch'
    /Users/jui/.gem/ruby/1.8/gems/mongrel-1.1.5/bin/../lib/mongrel/rails.rb:76:in `process'
    /Users/jui/.gem/ruby/1.8/gems/mongrel-1.1.5/bin/../lib/mongrel/rails.rb:74:in `synchronize'
    /Users/jui/.gem/ruby/1.8/gems/mongrel-1.1.5/bin/../lib/mongrel/rails.rb:74:in `process'
    /Users/jui/.gem/ruby/1.8/gems/mongrel-1.1.5/lib/mongrel.rb:159:in `process_client'
    /Users/jui/.gem/ruby/1.8/gems/mongrel-1.1.5/lib/mongrel.rb:158:in `each'
    /Users/jui/.gem/ruby/1.8/gems/mongrel-1.1.5/lib/mongrel.rb:158:in `process_client'
    /Users/jui/.gem/ruby/1.8/gems/mongrel-1.1.5/lib/mongrel.rb:285:in `run'
    /Users/jui/.gem/ruby/1.8/gems/mongrel-1.1.5/lib/mongrel.rb:285:in `initialize'
    /Users/jui/.gem/ruby/1.8/gems/mongrel-1.1.5/lib/mongrel.rb:285:in `new'
    /Users/jui/.gem/ruby/1.8/gems/mongrel-1.1.5/lib/mongrel.rb:285:in `run'
    /Users/jui/.gem/ruby/1.8/gems/mongrel-1.1.5/lib/mongrel.rb:268:in `initialize'
    /Users/jui/.gem/ruby/1.8/gems/mongrel-1.1.5/lib/mongrel.rb:268:in `new'
    /Users/jui/.gem/ruby/1.8/gems/mongrel-1.1.5/lib/mongrel.rb:268:in `run'
    /Users/jui/.gem/ruby/1.8/gems/mongrel-1.1.5/lib/mongrel/configurator.rb:282:in `run'
    /Users/jui/.gem/ruby/1.8/gems/mongrel-1.1.5/lib/mongrel/configurator.rb:281:in `each'
    /Users/jui/.gem/ruby/1.8/gems/mongrel-1.1.5/lib/mongrel/configurator.rb:281:in `run'
    /Users/jui/.gem/ruby/1.8/gems/mongrel-1.1.5/bin/mongrel_rails:128:in `run'
    /Users/jui/.gem/ruby/1.8/gems/mongrel-1.1.5/lib/mongrel/command.rb:212:in `run'
    /Users/jui/.gem/ruby/1.8/gems/mongrel-1.1.5/bin/mongrel_rails:281
    /vendor/rails/activesupport/lib/active_support/dependencies.rb:142:in `load_without_new_constant_marking'
    /vendor/rails/activesupport/lib/active_support/dependencies.rb:142:in `load'
    /vendor/rails/activesupport/lib/active_support/dependencies.rb:521:in `new_constants_in'
    /vendor/rails/activesupport/lib/active_support/dependencies.rb:142:in `load'
    /vendor/rails/railties/lib/commands/servers/mongrel.rb:64
    /Library/Ruby/Site/1.8/rubygems/custom_require.rb:31:in `gem_original_require'
    /Library/Ruby/Site/1.8/rubygems/custom_require.rb:31:in `require'
    /vendor/rails/activesupport/lib/active_support/dependencies.rb:153:in `require'
    /vendor/rails/activesupport/lib/active_support/dependencies.rb:521:in `new_constants_in'
    /vendor/rails/activesupport/lib/active_support/dependencies.rb:153:in `require'
    /vendor/rails/railties/lib/commands/server.rb:49
    /Library/Ruby/Site/1.8/rubygems/custom_require.rb:31:in `gem_original_require'
    /Library/Ruby/Site/1.8/rubygems/custom_require.rb:31:in `require'
    ./script/server:3

Rendering /Users/jui/ryweb/ryweb/vendor/rails/actionpack/lib/action_controller/templates/rescues/layout.erb (not_found)


Processing UsersController#index (for 127.0.0.1 at 2009-02-07 11:27:36) [GET]


ActionController::UnknownAction (No action responded to index. Actions: create and new):
    /vendor/rails/actionpack/lib/action_controller/filters.rb:617:in `call_filters'
    /vendor/rails/actionpack/lib/action_controller/filters.rb:610:in `perform_action_without_benchmark'
    /vendor/rails/actionpack/lib/action_controller/benchmarking.rb:68:in `perform_action_without_rescue'
    /System/Library/Frameworks/Ruby.framework/Versions/1.8/usr/lib/ruby/1.8/benchmark.rb:293:in `measure'
    /vendor/rails/actionpack/lib/action_controller/benchmarking.rb:68:in `perform_action_without_rescue'
    /vendor/rails/actionpack/lib/action_controller/rescue.rb:136:in `perform_action_without_caching'
    /vendor/rails/actionpack/lib/action_controller/caching/sql_cache.rb:13:in `perform_action'
    /vendor/rails/activerecord/lib/active_record/connection_adapters/abstract/query_cache.rb:34:in `cache'
    /vendor/rails/activerecord/lib/active_record/query_cache.rb:8:in `cache'
    /vendor/rails/actionpack/lib/action_controller/caching/sql_cache.rb:12:in `perform_action'
    /vendor/rails/actionpack/lib/action_controller/base.rb:524:in `send'
    /vendor/rails/actionpack/lib/action_controller/base.rb:524:in `process_without_filters'
    /vendor/rails/actionpack/lib/action_controller/filters.rb:606:in `process_without_session_management_support'
    /vendor/rails/actionpack/lib/action_controller/session_management.rb:134:in `process'
    /vendor/rails/actionpack/lib/action_controller/base.rb:392:in `process'
    /vendor/rails/actionpack/lib/action_controller/dispatcher.rb:183:in `handle_request'
    /vendor/rails/actionpack/lib/action_controller/dispatcher.rb:110:in `dispatch_unlocked'
    /vendor/rails/actionpack/lib/action_controller/dispatcher.rb:123:in `dispatch'
    /vendor/rails/actionpack/lib/action_controller/dispatcher.rb:122:in `synchronize'
    /vendor/rails/actionpack/lib/action_controller/dispatcher.rb:122:in `dispatch'
    /vendor/rails/actionpack/lib/action_controller/dispatcher.rb:132:in `dispatch_cgi'
    /vendor/rails/actionpack/lib/action_controller/dispatcher.rb:39:in `dispatch'
    /Users/jui/.gem/ruby/1.8/gems/mongrel-1.1.5/bin/../lib/mongrel/rails.rb:76:in `process'
    /Users/jui/.gem/ruby/1.8/gems/mongrel-1.1.5/bin/../lib/mongrel/rails.rb:74:in `synchronize'
    /Users/jui/.gem/ruby/1.8/gems/mongrel-1.1.5/bin/../lib/mongrel/rails.rb:74:in `process'
    /Users/jui/.gem/ruby/1.8/gems/mongrel-1.1.5/lib/mongrel.rb:159:in `process_client'
    /Users/jui/.gem/ruby/1.8/gems/mongrel-1.1.5/lib/mongrel.rb:158:in `each'
    /Users/jui/.gem/ruby/1.8/gems/mongrel-1.1.5/lib/mongrel.rb:158:in `process_client'
    /Users/jui/.gem/ruby/1.8/gems/mongrel-1.1.5/lib/mongrel.rb:285:in `run'
    /Users/jui/.gem/ruby/1.8/gems/mongrel-1.1.5/lib/mongrel.rb:285:in `initialize'
    /Users/jui/.gem/ruby/1.8/gems/mongrel-1.1.5/lib/mongrel.rb:285:in `new'
    /Users/jui/.gem/ruby/1.8/gems/mongrel-1.1.5/lib/mongrel.rb:285:in `run'
    /Users/jui/.gem/ruby/1.8/gems/mongrel-1.1.5/lib/mongrel.rb:268:in `initialize'
    /Users/jui/.gem/ruby/1.8/gems/mongrel-1.1.5/lib/mongrel.rb:268:in `new'
    /Users/jui/.gem/ruby/1.8/gems/mongrel-1.1.5/lib/mongrel.rb:268:in `run'
    /Users/jui/.gem/ruby/1.8/gems/mongrel-1.1.5/lib/mongrel/configurator.rb:282:in `run'
    /Users/jui/.gem/ruby/1.8/gems/mongrel-1.1.5/lib/mongrel/configurator.rb:281:in `each'
    /Users/jui/.gem/ruby/1.8/gems/mongrel-1.1.5/lib/mongrel/configurator.rb:281:in `run'
    /Users/jui/.gem/ruby/1.8/gems/mongrel-1.1.5/bin/mongrel_rails:128:in `run'
    /Users/jui/.gem/ruby/1.8/gems/mongrel-1.1.5/lib/mongrel/command.rb:212:in `run'
    /Users/jui/.gem/ruby/1.8/gems/mongrel-1.1.5/bin/mongrel_rails:281
    /vendor/rails/activesupport/lib/active_support/dependencies.rb:142:in `load_without_new_constant_marking'
    /vendor/rails/activesupport/lib/active_support/dependencies.rb:142:in `load'
    /vendor/rails/activesupport/lib/active_support/dependencies.rb:521:in `new_constants_in'
    /vendor/rails/activesupport/lib/active_support/dependencies.rb:142:in `load'
    /vendor/rails/railties/lib/commands/servers/mongrel.rb:64
    /Library/Ruby/Site/1.8/rubygems/custom_require.rb:31:in `gem_original_require'
    /Library/Ruby/Site/1.8/rubygems/custom_require.rb:31:in `require'
    /vendor/rails/activesupport/lib/active_support/dependencies.rb:153:in `require'
    /vendor/rails/activesupport/lib/active_support/dependencies.rb:521:in `new_constants_in'
    /vendor/rails/activesupport/lib/active_support/dependencies.rb:153:in `require'
    /vendor/rails/railties/lib/commands/server.rb:49
    /Library/Ruby/Site/1.8/rubygems/custom_require.rb:31:in `gem_original_require'
    /Library/Ruby/Site/1.8/rubygems/custom_require.rb:31:in `require'
    ./script/server:3

Rendering /Users/jui/ryweb/ryweb/vendor/rails/actionpack/lib/action_controller/templates/rescues/layout.erb (not_found)


Processing UsersController#show (for 127.0.0.1 at 2009-02-07 11:27:39) [GET]
  Parameters: {"id"=>"signup"}


ActionController::UnknownAction (No action responded to show. Actions: create and new):
    /vendor/rails/actionpack/lib/action_controller/filters.rb:617:in `call_filters'
    /vendor/rails/actionpack/lib/action_controller/filters.rb:610:in `perform_action_without_benchmark'
    /vendor/rails/actionpack/lib/action_controller/benchmarking.rb:68:in `perform_action_without_rescue'
    /System/Library/Frameworks/Ruby.framework/Versions/1.8/usr/lib/ruby/1.8/benchmark.rb:293:in `measure'
    /vendor/rails/actionpack/lib/action_controller/benchmarking.rb:68:in `perform_action_without_rescue'
    /vendor/rails/actionpack/lib/action_controller/rescue.rb:136:in `perform_action_without_caching'
    /vendor/rails/actionpack/lib/action_controller/caching/sql_cache.rb:13:in `perform_action'
    /vendor/rails/activerecord/lib/active_record/connection_adapters/abstract/query_cache.rb:34:in `cache'
    /vendor/rails/activerecord/lib/active_record/query_cache.rb:8:in `cache'
    /vendor/rails/actionpack/lib/action_controller/caching/sql_cache.rb:12:in `perform_action'
    /vendor/rails/actionpack/lib/action_controller/base.rb:524:in `send'
    /vendor/rails/actionpack/lib/action_controller/base.rb:524:in `process_without_filters'
    /vendor/rails/actionpack/lib/action_controller/filters.rb:606:in `process_without_session_management_support'
    /vendor/rails/actionpack/lib/action_controller/session_management.rb:134:in `process'
    /vendor/rails/actionpack/lib/action_controller/base.rb:392:in `process'
    /vendor/rails/actionpack/lib/action_controller/dispatcher.rb:183:in `handle_request'
    /vendor/rails/actionpack/lib/action_controller/dispatcher.rb:110:in `dispatch_unlocked'
    /vendor/rails/actionpack/lib/action_controller/dispatcher.rb:123:in `dispatch'
    /vendor/rails/actionpack/lib/action_controller/dispatcher.rb:122:in `synchronize'
    /vendor/rails/actionpack/lib/action_controller/dispatcher.rb:122:in `dispatch'
    /vendor/rails/actionpack/lib/action_controller/dispatcher.rb:132:in `dispatch_cgi'
    /vendor/rails/actionpack/lib/action_controller/dispatcher.rb:39:in `dispatch'
    /Users/jui/.gem/ruby/1.8/gems/mongrel-1.1.5/bin/../lib/mongrel/rails.rb:76:in `process'
    /Users/jui/.gem/ruby/1.8/gems/mongrel-1.1.5/bin/../lib/mongrel/rails.rb:74:in `synchronize'
    /Users/jui/.gem/ruby/1.8/gems/mongrel-1.1.5/bin/../lib/mongrel/rails.rb:74:in `process'
    /Users/jui/.gem/ruby/1.8/gems/mongrel-1.1.5/lib/mongrel.rb:159:in `process_client'
    /Users/jui/.gem/ruby/1.8/gems/mongrel-1.1.5/lib/mongrel.rb:158:in `each'
    /Users/jui/.gem/ruby/1.8/gems/mongrel-1.1.5/lib/mongrel.rb:158:in `process_client'
    /Users/jui/.gem/ruby/1.8/gems/mongrel-1.1.5/lib/mongrel.rb:285:in `run'
    /Users/jui/.gem/ruby/1.8/gems/mongrel-1.1.5/lib/mongrel.rb:285:in `initialize'
    /Users/jui/.gem/ruby/1.8/gems/mongrel-1.1.5/lib/mongrel.rb:285:in `new'
    /Users/jui/.gem/ruby/1.8/gems/mongrel-1.1.5/lib/mongrel.rb:285:in `run'
    /Users/jui/.gem/ruby/1.8/gems/mongrel-1.1.5/lib/mongrel.rb:268:in `initialize'
    /Users/jui/.gem/ruby/1.8/gems/mongrel-1.1.5/lib/mongrel.rb:268:in `new'
    /Users/jui/.gem/ruby/1.8/gems/mongrel-1.1.5/lib/mongrel.rb:268:in `run'
    /Users/jui/.gem/ruby/1.8/gems/mongrel-1.1.5/lib/mongrel/configurator.rb:282:in `run'
    /Users/jui/.gem/ruby/1.8/gems/mongrel-1.1.5/lib/mongrel/configurator.rb:281:in `each'
    /Users/jui/.gem/ruby/1.8/gems/mongrel-1.1.5/lib/mongrel/configurator.rb:281:in `run'
    /Users/jui/.gem/ruby/1.8/gems/mongrel-1.1.5/bin/mongrel_rails:128:in `run'
    /Users/jui/.gem/ruby/1.8/gems/mongrel-1.1.5/lib/mongrel/command.rb:212:in `run'
    /Users/jui/.gem/ruby/1.8/gems/mongrel-1.1.5/bin/mongrel_rails:281
    /vendor/rails/activesupport/lib/active_support/dependencies.rb:142:in `load_without_new_constant_marking'
    /vendor/rails/activesupport/lib/active_support/dependencies.rb:142:in `load'
    /vendor/rails/activesupport/lib/active_support/dependencies.rb:521:in `new_constants_in'
    /vendor/rails/activesupport/lib/active_support/dependencies.rb:142:in `load'
    /vendor/rails/railties/lib/commands/servers/mongrel.rb:64
    /Library/Ruby/Site/1.8/rubygems/custom_require.rb:31:in `gem_original_require'
    /Library/Ruby/Site/1.8/rubygems/custom_require.rb:31:in `require'
    /vendor/rails/activesupport/lib/active_support/dependencies.rb:153:in `require'
    /vendor/rails/activesupport/lib/active_support/dependencies.rb:521:in `new_constants_in'
    /vendor/rails/activesupport/lib/active_support/dependencies.rb:153:in `require'
    /vendor/rails/railties/lib/commands/server.rb:49
    /Library/Ruby/Site/1.8/rubygems/custom_require.rb:31:in `gem_original_require'
    /Library/Ruby/Site/1.8/rubygems/custom_require.rb:31:in `require'
    ./script/server:3

Rendering /Users/jui/ryweb/ryweb/vendor/rails/actionpack/lib/action_controller/templates/rescues/layout.erb (not_found)


Processing UsersController#new (for 127.0.0.1 at 2009-02-07 11:27:43) [GET]


ActiveRecord::StatementInvalid (Could not find table 'users'):
    /vendor/rails/activerecord/lib/active_record/connection_adapters/sqlite3_adapter.rb:29:in `table_structure'
    /vendor/rails/activesupport/lib/active_support/core_ext/object/misc.rb:39:in `returning'
    /vendor/rails/activerecord/lib/active_record/connection_adapters/sqlite3_adapter.rb:28:in `table_structure'
    /vendor/rails/activerecord/lib/active_record/connection_adapters/sqlite_adapter.rb:189:in `columns'
    /vendor/rails/activerecord/lib/active_record/base.rb:1220:in `columns'
    /vendor/rails/activerecord/lib/active_record/base.rb:2839:in `attributes_from_column_definition_without_lock'
    /vendor/rails/activerecord/lib/active_record/locking/optimistic.rb:55:in `attributes_from_column_definition'
    /vendor/rails/activerecord/lib/active_record/base.rb:2279:in `initialize'
    /app/controllers/users_controller.rb:8:in `new'
    /app/controllers/users_controller.rb:8:in `new'
    /vendor/rails/actionpack/lib/action_controller/base.rb:1253:in `send'
    /vendor/rails/actionpack/lib/action_controller/base.rb:1253:in `perform_action_without_filters'
    /vendor/rails/actionpack/lib/action_controller/filters.rb:617:in `call_filters'
    /vendor/rails/actionpack/lib/action_controller/filters.rb:610:in `perform_action_without_benchmark'
    /vendor/rails/actionpack/lib/action_controller/benchmarking.rb:68:in `perform_action_without_rescue'
    /System/Library/Frameworks/Ruby.framework/Versions/1.8/usr/lib/ruby/1.8/benchmark.rb:293:in `measure'
    /vendor/rails/actionpack/lib/action_controller/benchmarking.rb:68:in `perform_action_without_rescue'
    /vendor/rails/actionpack/lib/action_controller/rescue.rb:136:in `perform_action_without_caching'
    /vendor/rails/actionpack/lib/action_controller/caching/sql_cache.rb:13:in `perform_action'
    /vendor/rails/activerecord/lib/active_record/connection_adapters/abstract/query_cache.rb:34:in `cache'
    /vendor/rails/activerecord/lib/active_record/query_cache.rb:8:in `cache'
    /vendor/rails/actionpack/lib/action_controller/caching/sql_cache.rb:12:in `perform_action'
    /vendor/rails/actionpack/lib/action_controller/base.rb:524:in `send'
    /vendor/rails/actionpack/lib/action_controller/base.rb:524:in `process_without_filters'
    /vendor/rails/actionpack/lib/action_controller/filters.rb:606:in `process_without_session_management_support'
    /vendor/rails/actionpack/lib/action_controller/session_management.rb:134:in `process'
    /vendor/rails/actionpack/lib/action_controller/base.rb:392:in `process'
    /vendor/rails/actionpack/lib/action_controller/dispatcher.rb:183:in `handle_request'
    /vendor/rails/actionpack/lib/action_controller/dispatcher.rb:110:in `dispatch_unlocked'
    /vendor/rails/actionpack/lib/action_controller/dispatcher.rb:123:in `dispatch'
    /vendor/rails/actionpack/lib/action_controller/dispatcher.rb:122:in `synchronize'
    /vendor/rails/actionpack/lib/action_controller/dispatcher.rb:122:in `dispatch'
    /vendor/rails/actionpack/lib/action_controller/dispatcher.rb:132:in `dispatch_cgi'
    /vendor/rails/actionpack/lib/action_controller/dispatcher.rb:39:in `dispatch'
    /Users/jui/.gem/ruby/1.8/gems/mongrel-1.1.5/bin/../lib/mongrel/rails.rb:76:in `process'
    /Users/jui/.gem/ruby/1.8/gems/mongrel-1.1.5/bin/../lib/mongrel/rails.rb:74:in `synchronize'
    /Users/jui/.gem/ruby/1.8/gems/mongrel-1.1.5/bin/../lib/mongrel/rails.rb:74:in `process'
    /Users/jui/.gem/ruby/1.8/gems/mongrel-1.1.5/lib/mongrel.rb:159:in `process_client'
    /Users/jui/.gem/ruby/1.8/gems/mongrel-1.1.5/lib/mongrel.rb:158:in `each'
    /Users/jui/.gem/ruby/1.8/gems/mongrel-1.1.5/lib/mongrel.rb:158:in `process_client'
    /Users/jui/.gem/ruby/1.8/gems/mongrel-1.1.5/lib/mongrel.rb:285:in `run'
    /Users/jui/.gem/ruby/1.8/gems/mongrel-1.1.5/lib/mongrel.rb:285:in `initialize'
    /Users/jui/.gem/ruby/1.8/gems/mongrel-1.1.5/lib/mongrel.rb:285:in `new'
    /Users/jui/.gem/ruby/1.8/gems/mongrel-1.1.5/lib/mongrel.rb:285:in `run'
    /Users/jui/.gem/ruby/1.8/gems/mongrel-1.1.5/lib/mongrel.rb:268:in `initialize'
    /Users/jui/.gem/ruby/1.8/gems/mongrel-1.1.5/lib/mongrel.rb:268:in `new'
    /Users/jui/.gem/ruby/1.8/gems/mongrel-1.1.5/lib/mongrel.rb:268:in `run'
    /Users/jui/.gem/ruby/1.8/gems/mongrel-1.1.5/lib/mongrel/configurator.rb:282:in `run'
    /Users/jui/.gem/ruby/1.8/gems/mongrel-1.1.5/lib/mongrel/configurator.rb:281:in `each'
    /Users/jui/.gem/ruby/1.8/gems/mongrel-1.1.5/lib/mongrel/configurator.rb:281:in `run'
    /Users/jui/.gem/ruby/1.8/gems/mongrel-1.1.5/bin/mongrel_rails:128:in `run'
    /Users/jui/.gem/ruby/1.8/gems/mongrel-1.1.5/lib/mongrel/command.rb:212:in `run'
    /Users/jui/.gem/ruby/1.8/gems/mongrel-1.1.5/bin/mongrel_rails:281
    /vendor/rails/activesupport/lib/active_support/dependencies.rb:142:in `load_without_new_constant_marking'
    /vendor/rails/activesupport/lib/active_support/dependencies.rb:142:in `load'
    /vendor/rails/activesupport/lib/active_support/dependencies.rb:521:in `new_constants_in'
    /vendor/rails/activesupport/lib/active_support/dependencies.rb:142:in `load'
    /vendor/rails/railties/lib/commands/servers/mongrel.rb:64
    /Library/Ruby/Site/1.8/rubygems/custom_require.rb:31:in `gem_original_require'
    /Library/Ruby/Site/1.8/rubygems/custom_require.rb:31:in `require'
    /vendor/rails/activesupport/lib/active_support/dependencies.rb:153:in `require'
    /vendor/rails/activesupport/lib/active_support/dependencies.rb:521:in `new_constants_in'
    /vendor/rails/activesupport/lib/active_support/dependencies.rb:153:in `require'
    /vendor/rails/railties/lib/commands/server.rb:49
    /Library/Ruby/Site/1.8/rubygems/custom_require.rb:31:in `gem_original_require'
    /Library/Ruby/Site/1.8/rubygems/custom_require.rb:31:in `require'
    ./script/server:3

Rendered /Users/jui/ryweb/ryweb/vendor/rails/actionpack/lib/action_controller/templates/rescues/_trace (26.8ms)
Rendered /Users/jui/ryweb/ryweb/vendor/rails/actionpack/lib/action_controller/templates/rescues/_request_and_response (0.9ms)
Rendering /Users/jui/ryweb/ryweb/vendor/rails/actionpack/lib/action_controller/templates/rescues/layout.erb (internal_server_error)
  [4;36;1mSQL (0.3ms)[0m   [0;1m SELECT name
 FROM sqlite_master
 WHERE type = 'table' AND NOT name = 'sqlite_sequence'
[0m
  [4;35;1mSQL (0.2ms)[0m   [0mselect sqlite_version(*)[0m
  [4;36;1mSQL (1.8ms)[0m   [0;1mCREATE TABLE "schema_migrations" ("version" varchar(255) NOT NULL) [0m
  [4;35;1mSQL (1.5ms)[0m   [0mCREATE UNIQUE INDEX "unique_schema_migrations" ON "schema_migrations" ("version")[0m
  [4;36;1mSQL (0.2ms)[0m   [0;1m SELECT name
 FROM sqlite_master
 WHERE type = 'table' AND NOT name = 'sqlite_sequence'
[0m
  [4;35;1mSQL (0.1ms)[0m   [0mSELECT version FROM schema_migrations[0m
Migrating to CreateUsers (20090207090602)
  [4;36;1mSQL (0.3ms)[0m   [0;1m SELECT name
 FROM sqlite_master
 WHERE type = 'table' AND NOT name = 'sqlite_sequence'
[0m
  [4;35;1mSQL (2.4ms)[0m   [0mCREATE TABLE "users" ("id" INTEGER PRIMARY KEY AUTOINCREMENT NOT NULL, "login" varchar(40), "name" varchar(100) DEFAULT '', "email" varchar(100), "crypted_password" varchar(40), "salt" varchar(40), "created_at" datetime, "updated_at" datetime, "remember_token" varchar(40), "remember_token_expires_at" datetime) [0m
  [4;36;1mSQL (2.2ms)[0m   [0;1mCREATE UNIQUE INDEX "index_users_on_login" ON "users" ("login")[0m
  [4;35;1mSQL (8.3ms)[0m   [0mINSERT INTO schema_migrations (version) VALUES ('20090207090602')[0m
  [4;36;1mSQL (0.4ms)[0m   [0;1m SELECT name
 FROM sqlite_master
 WHERE type = 'table' AND NOT name = 'sqlite_sequence'
[0m
  [4;35;1mSQL (0.2ms)[0m   [0mSELECT version FROM schema_migrations[0m
  [4;36;1mSQL (0.3ms)[0m   [0;1m SELECT name
 FROM sqlite_master
 WHERE type = 'table' AND NOT name = 'sqlite_sequence'
[0m
  [4;35;1mSQL (0.2ms)[0m   [0mPRAGMA index_list("users")[0m
  [4;36;1mSQL (0.2ms)[0m   [0;1mPRAGMA index_info('index_users_on_login')[0m


Processing UsersController#new (for 127.0.0.1 at 2009-02-07 11:28:25) [GET]
Rendering users/new
Completed in 16ms (View: 6, DB: 0) | 200 OK [http://localhost/users/new]
